<?xml version="1.0" encoding="UTF-8"?>
<testsuite name="board.BoardApplicationTests" tests="2" skipped="0" failures="0" errors="0" timestamp="2021-08-31T12:50:12" hostname="DESKTOP-1VGM4GI" time="0.131">
  <properties/>
  <testcase name="testSqlSession" classname="board.BoardApplicationTests" time="0.125"/>
  <testcase name="contextLoads" classname="board.BoardApplicationTests" time="0.006"/>
  <system-out><![CDATA[21:49:45.340 [Test worker] DEBUG org.springframework.test.context.junit4.SpringJUnit4ClassRunner - SpringJUnit4ClassRunner constructor called with [class board.BoardApplicationTests]
21:49:45.348 [Test worker] DEBUG org.springframework.test.context.BootstrapUtils - Instantiating CacheAwareContextLoaderDelegate from class [org.springframework.test.context.cache.DefaultCacheAwareContextLoaderDelegate]
21:49:45.358 [Test worker] DEBUG org.springframework.test.context.BootstrapUtils - Instantiating BootstrapContext using constructor [public org.springframework.test.context.support.DefaultBootstrapContext(java.lang.Class,org.springframework.test.context.CacheAwareContextLoaderDelegate)]
21:49:45.379 [Test worker] DEBUG org.springframework.test.context.BootstrapUtils - Instantiating TestContextBootstrapper for test class [board.BoardApplicationTests] from class [org.springframework.boot.test.context.SpringBootTestContextBootstrapper]
21:49:45.396 [Test worker] INFO org.springframework.boot.test.context.SpringBootTestContextBootstrapper - Neither @ContextConfiguration nor @ContextHierarchy found for test class [board.BoardApplicationTests], using SpringBootContextLoader
21:49:45.401 [Test worker] DEBUG org.springframework.test.context.support.AbstractContextLoader - Did not detect default resource location for test class [board.BoardApplicationTests]: class path resource [board/BoardApplicationTests-context.xml] does not exist
21:49:45.401 [Test worker] DEBUG org.springframework.test.context.support.AbstractContextLoader - Did not detect default resource location for test class [board.BoardApplicationTests]: class path resource [board/BoardApplicationTestsContext.groovy] does not exist
21:49:45.401 [Test worker] INFO org.springframework.test.context.support.AbstractContextLoader - Could not detect default resource locations for test class [board.BoardApplicationTests]: no resource found for suffixes {-context.xml, Context.groovy}.
21:49:45.403 [Test worker] INFO org.springframework.test.context.support.AnnotationConfigContextLoaderUtils - Could not detect default configuration classes for test class [board.BoardApplicationTests]: BoardApplicationTests does not declare any static, non-private, non-final, nested classes annotated with @Configuration.
21:49:45.453 [Test worker] DEBUG org.springframework.test.context.support.ActiveProfilesUtils - Could not find an 'annotation declaring class' for annotation type [org.springframework.test.context.ActiveProfiles] and class [board.BoardApplicationTests]
21:49:45.540 [Test worker] DEBUG org.springframework.context.annotation.ClassPathScanningCandidateComponentProvider - Identified candidate component class: file [C:\Users\KYW\git\board\board\build\classes\java\main\board\BoardApplication.class]
21:49:45.544 [Test worker] INFO org.springframework.boot.test.context.SpringBootTestContextBootstrapper - Found @SpringBootConfiguration board.BoardApplication for test class board.BoardApplicationTests
21:49:45.673 [Test worker] DEBUG org.springframework.boot.test.context.SpringBootTestContextBootstrapper - @TestExecutionListeners is not present for class [board.BoardApplicationTests]: using defaults.
21:49:45.673 [Test worker] INFO org.springframework.boot.test.context.SpringBootTestContextBootstrapper - Loaded default TestExecutionListener class names from location [META-INF/spring.factories]: [org.springframework.boot.test.autoconfigure.restdocs.RestDocsTestExecutionListener, org.springframework.boot.test.autoconfigure.web.client.MockRestServiceServerResetTestExecutionListener, org.springframework.boot.test.autoconfigure.web.servlet.MockMvcPrintOnlyOnFailureTestExecutionListener, org.springframework.boot.test.autoconfigure.web.servlet.WebDriverTestExecutionListener, org.springframework.boot.test.mock.mockito.MockitoTestExecutionListener, org.springframework.boot.test.mock.mockito.ResetMocksTestExecutionListener, org.springframework.test.context.web.ServletTestExecutionListener, org.springframework.test.context.support.DirtiesContextBeforeModesTestExecutionListener, org.springframework.test.context.support.DependencyInjectionTestExecutionListener, org.springframework.test.context.support.DirtiesContextTestExecutionListener, org.springframework.test.context.transaction.TransactionalTestExecutionListener, org.springframework.test.context.jdbc.SqlScriptsTestExecutionListener]
21:49:45.701 [Test worker] INFO org.springframework.boot.test.context.SpringBootTestContextBootstrapper - Using TestExecutionListeners: [org.springframework.test.context.web.ServletTestExecutionListener@499a574, org.springframework.test.context.support.DirtiesContextBeforeModesTestExecutionListener@3f7f3015, org.springframework.boot.test.mock.mockito.MockitoTestExecutionListener@7ccddedf, org.springframework.boot.test.autoconfigure.SpringBootDependencyInjectionTestExecutionListener@2f537198, org.springframework.test.context.support.DirtiesContextTestExecutionListener@6628c303, org.springframework.test.context.transaction.TransactionalTestExecutionListener@2091b84b, org.springframework.test.context.jdbc.SqlScriptsTestExecutionListener@32b8b1a0, org.springframework.boot.test.autoconfigure.restdocs.RestDocsTestExecutionListener@6d3c9de, org.springframework.boot.test.autoconfigure.web.client.MockRestServiceServerResetTestExecutionListener@264322dc, org.springframework.boot.test.autoconfigure.web.servlet.MockMvcPrintOnlyOnFailureTestExecutionListener@b3d85bf, org.springframework.boot.test.autoconfigure.web.servlet.WebDriverTestExecutionListener@7c7f10c9, org.springframework.boot.test.mock.mockito.ResetMocksTestExecutionListener@647aaba1]
21:49:45.704 [Test worker] DEBUG org.springframework.test.annotation.ProfileValueUtils - Retrieved @ProfileValueSourceConfiguration [null] for test class [board.BoardApplicationTests]
21:49:45.705 [Test worker] DEBUG org.springframework.test.annotation.ProfileValueUtils - Retrieved ProfileValueSource type [class org.springframework.test.annotation.SystemProfileValueSource] for class [board.BoardApplicationTests]
21:49:45.706 [Test worker] DEBUG org.springframework.test.annotation.ProfileValueUtils - Retrieved @ProfileValueSourceConfiguration [null] for test class [board.BoardApplicationTests]
21:49:45.706 [Test worker] DEBUG org.springframework.test.annotation.ProfileValueUtils - Retrieved ProfileValueSource type [class org.springframework.test.annotation.SystemProfileValueSource] for class [board.BoardApplicationTests]
21:49:45.711 [Test worker] DEBUG org.springframework.test.context.support.AbstractDirtiesContextTestExecutionListener - Before test class: context [DefaultTestContext@23e85c03 testClass = BoardApplicationTests, testInstance = [null], testMethod = [null], testException = [null], mergedContextConfiguration = [WebMergedContextConfiguration@4c585655 testClass = BoardApplicationTests, locations = '{}', classes = '{class board.BoardApplication}', contextInitializerClasses = '[]', activeProfiles = '{}', propertySourceLocations = '{}', propertySourceProperties = '{org.springframework.boot.test.context.SpringBootTestContextBootstrapper=true}', contextCustomizers = set[org.springframework.boot.test.autoconfigure.properties.PropertyMappingContextCustomizer@0, org.springframework.boot.test.autoconfigure.web.servlet.WebDriverContextCustomizerFactory$Customizer@41dc422, org.springframework.boot.test.context.filter.ExcludeFilterContextCustomizer@565e8f36, org.springframework.boot.test.json.DuplicateJsonObjectContextCustomizerFactory$DuplicateJsonObjectContextCustomizer@bfb0418, org.springframework.boot.test.mock.mockito.MockitoContextCustomizer@0, org.springframework.boot.test.web.client.TestRestTemplateContextCustomizer@163bee], resourceBasePath = 'src/main/webapp', contextLoader = 'org.springframework.boot.test.context.SpringBootContextLoader', parent = [null]], attributes = map['org.springframework.test.context.web.ServletTestExecutionListener.activateListener' -> true]], class annotated with @DirtiesContext [false] with mode [null].
21:49:45.712 [Test worker] DEBUG org.springframework.test.annotation.ProfileValueUtils - Retrieved @ProfileValueSourceConfiguration [null] for test class [board.BoardApplicationTests]
21:49:45.712 [Test worker] DEBUG org.springframework.test.annotation.ProfileValueUtils - Retrieved ProfileValueSource type [class org.springframework.test.annotation.SystemProfileValueSource] for class [board.BoardApplicationTests]
21:49:45.747 [Test worker] DEBUG org.springframework.test.context.support.TestPropertySourceUtils - Adding inlined properties to environment: {spring.jmx.enabled=false, org.springframework.boot.test.context.SpringBootTestContextBootstrapper=true, server.port=-1}
2021-08-31 21:49:48.225  INFO 7220 --- [    Test worker] trationDelegate$BeanPostProcessorChecker : Bean 'configurationPropertiesRebinderAutoConfiguration' of type [org.springframework.cloud.autoconfigure.ConfigurationPropertiesRebinderAutoConfiguration$$EnhancerBySpringCGLIB$$2c52e5cb] is not eligible for getting processed by all BeanPostProcessors (for example: not eligible for auto-proxying)

  .   ____          _            __ _ _
 /\\ / ___'_ __ _ _(_)_ __  __ _ \ \ \ \
( ( )\___ | '_ | '_| | '_ \/ _` | \ \ \ \
 \\/  ___)| |_)| | | | | || (_| |  ) ) ) )
  '  |____| .__|_| |_|_| |_\__, | / / / /
 =========|_|==============|___/=/_/_/_/
 :: Spring Boot ::        (v2.1.1.RELEASE)

2021-08-31 21:49:51.104  INFO 7220 --- [    Test worker] c.c.c.ConfigServicePropertySourceLocator : Fetching config from server at : http://34.64.221.140:8888
2021-08-31 21:49:52.266  INFO 7220 --- [    Test worker] c.c.c.ConfigServicePropertySourceLocator : Located environment: name=cloud-config, profiles=[default], label=null, version=e858a0404254f38d166154a4a774d90b1cb7fa3b, state=null
2021-08-31 21:49:52.267  INFO 7220 --- [    Test worker] b.c.PropertySourceBootstrapConfiguration : Located property source: CompositePropertySource {name='configService', propertySources=[MapPropertySource {name='configClient'}, MapPropertySource {name='https://wooya1602@bitbucket.org/wooya1602/cloud-config.git/Config resource 'file [/usr/local/apache-tomcat-8.5.70-config/temp/config-repo-1021980406496081825/application.yml' via location '' (document #0)'}]}
2021-08-31 21:49:52.277  WARN 7220 --- [    Test worker] b.c.PropertySourceBootstrapConfiguration : Logging config file location 'classpath:logback-${spring.profiles.active}.xml' cannot be opened and will be ignored
2021-08-31 21:49:52.309  INFO 7220 --- [    Test worker] board.BoardApplicationTests              : No active profile set, falling back to default profiles: default
2021-08-31 21:49:54.101  INFO 7220 --- [    Test worker] .s.d.r.c.RepositoryConfigurationDelegate : Bootstrapping Spring Data repositories in DEFAULT mode.
2021-08-31 21:49:54.217  INFO 7220 --- [    Test worker] .s.d.r.c.RepositoryConfigurationDelegate : Finished Spring Data repository scanning in 103ms. Found 1 repository interfaces.
2021-08-31 21:49:54.602  INFO 7220 --- [    Test worker] o.s.cloud.context.scope.GenericScope     : BeanFactory id=a183fb32-e795-30c0-af02-8c71ed588157
2021-08-31 21:49:54.856  INFO 7220 --- [    Test worker] trationDelegate$BeanPostProcessorChecker : Bean 'org.springframework.transaction.annotation.ProxyTransactionManagementConfiguration' of type [org.springframework.transaction.annotation.ProxyTransactionManagementConfiguration$$EnhancerBySpringCGLIB$$1038e2ce] is not eligible for getting processed by all BeanPostProcessors (for example: not eligible for auto-proxying)
2021-08-31 21:49:55.068  INFO 7220 --- [    Test worker] trationDelegate$BeanPostProcessorChecker : Bean 'databaseConfiguration' of type [board.configuration.DatabaseConfiguration$$EnhancerBySpringCGLIB$$2839ffae] is not eligible for getting processed by all BeanPostProcessors (for example: not eligible for auto-proxying)
2021-08-31 21:49:55.126  INFO 7220 --- [    Test worker] trationDelegate$BeanPostProcessorChecker : Bean 'hikariConfig' of type [com.zaxxer.hikari.HikariConfig] is not eligible for getting processed by all BeanPostProcessors (for example: not eligible for auto-proxying)
2021-08-31 21:49:55.142  INFO 7220 --- [    Test worker] com.zaxxer.hikari.HikariDataSource       : HikariPool-1 - Starting...
2021-08-31 21:49:56.312  INFO 7220 --- [    Test worker] com.zaxxer.hikari.HikariDataSource       : HikariPool-1 - Start completed.
2021-08-31 21:49:56.325  INFO 7220 --- [    Test worker] trationDelegate$BeanPostProcessorChecker : Bean 'dataSource' of type [com.zaxxer.hikari.HikariDataSource] is not eligible for getting processed by all BeanPostProcessors (for example: not eligible for auto-proxying)
2021-08-31 21:49:56.360  INFO 7220 --- [    Test worker] trationDelegate$BeanPostProcessorChecker : Bean 'spring.datasource-org.springframework.boot.autoconfigure.jdbc.DataSourceProperties' of type [org.springframework.boot.autoconfigure.jdbc.DataSourceProperties] is not eligible for getting processed by all BeanPostProcessors (for example: not eligible for auto-proxying)
2021-08-31 21:49:56.374  INFO 7220 --- [    Test worker] trationDelegate$BeanPostProcessorChecker : Bean 'org.springframework.boot.autoconfigure.jdbc.DataSourceInitializerInvoker' of type [org.springframework.boot.autoconfigure.jdbc.DataSourceInitializerInvoker] is not eligible for getting processed by all BeanPostProcessors (for example: not eligible for auto-proxying)
2021-08-31 21:49:56.384  INFO 7220 --- [    Test worker] trationDelegate$BeanPostProcessorChecker : Bean 'spring.jpa-org.springframework.boot.autoconfigure.orm.jpa.JpaProperties' of type [org.springframework.boot.autoconfigure.orm.jpa.JpaProperties] is not eligible for getting processed by all BeanPostProcessors (for example: not eligible for auto-proxying)
2021-08-31 21:49:56.396  INFO 7220 --- [    Test worker] trationDelegate$BeanPostProcessorChecker : Bean 'spring.jpa.hibernate-org.springframework.boot.autoconfigure.orm.jpa.HibernateProperties' of type [org.springframework.boot.autoconfigure.orm.jpa.HibernateProperties] is not eligible for getting processed by all BeanPostProcessors (for example: not eligible for auto-proxying)
2021-08-31 21:49:56.405  INFO 7220 --- [    Test worker] trationDelegate$BeanPostProcessorChecker : Bean 'org.springframework.boot.autoconfigure.transaction.TransactionAutoConfiguration' of type [org.springframework.boot.autoconfigure.transaction.TransactionAutoConfiguration$$EnhancerBySpringCGLIB$$a4acddd8] is not eligible for getting processed by all BeanPostProcessors (for example: not eligible for auto-proxying)
2021-08-31 21:49:56.416  INFO 7220 --- [    Test worker] trationDelegate$BeanPostProcessorChecker : Bean 'spring.transaction-org.springframework.boot.autoconfigure.transaction.TransactionProperties' of type [org.springframework.boot.autoconfigure.transaction.TransactionProperties] is not eligible for getting processed by all BeanPostProcessors (for example: not eligible for auto-proxying)
2021-08-31 21:49:56.421  INFO 7220 --- [    Test worker] trationDelegate$BeanPostProcessorChecker : Bean 'platformTransactionManagerCustomizers' of type [org.springframework.boot.autoconfigure.transaction.TransactionManagerCustomizers] is not eligible for getting processed by all BeanPostProcessors (for example: not eligible for auto-proxying)
2021-08-31 21:49:56.435  INFO 7220 --- [    Test worker] trationDelegate$BeanPostProcessorChecker : Bean 'org.springframework.boot.autoconfigure.jdbc.metadata.DataSourcePoolMetadataProvidersConfiguration$HikariPoolDataSourceMetadataProviderConfiguration' of type [org.springframework.boot.autoconfigure.jdbc.metadata.DataSourcePoolMetadataProvidersConfiguration$HikariPoolDataSourceMetadataProviderConfiguration$$EnhancerBySpringCGLIB$$70900ab2] is not eligible for getting processed by all BeanPostProcessors (for example: not eligible for auto-proxying)
2021-08-31 21:49:56.444  INFO 7220 --- [    Test worker] trationDelegate$BeanPostProcessorChecker : Bean 'hikariPoolDataSourceMetadataProvider' of type [org.springframework.boot.autoconfigure.jdbc.metadata.DataSourcePoolMetadataProvidersConfiguration$HikariPoolDataSourceMetadataProviderConfiguration$$Lambda$373/1684371016] is not eligible for getting processed by all BeanPostProcessors (for example: not eligible for auto-proxying)
2021-08-31 21:49:56.469  INFO 7220 --- [    Test worker] trationDelegate$BeanPostProcessorChecker : Bean 'org.springframework.boot.autoconfigure.orm.jpa.HibernateJpaConfiguration' of type [org.springframework.boot.autoconfigure.orm.jpa.HibernateJpaConfiguration$$EnhancerBySpringCGLIB$$2f0fa53d] is not eligible for getting processed by all BeanPostProcessors (for example: not eligible for auto-proxying)
2021-08-31 21:49:56.574  INFO 7220 --- [    Test worker] trationDelegate$BeanPostProcessorChecker : Bean 'jpaVendorAdapter' of type [org.springframework.orm.jpa.vendor.HibernateJpaVendorAdapter] is not eligible for getting processed by all BeanPostProcessors (for example: not eligible for auto-proxying)
2021-08-31 21:49:56.582  INFO 7220 --- [    Test worker] trationDelegate$BeanPostProcessorChecker : Bean 'entityManagerFactoryBuilder' of type [org.springframework.boot.orm.jpa.EntityManagerFactoryBuilder] is not eligible for getting processed by all BeanPostProcessors (for example: not eligible for auto-proxying)
2021-08-31 21:49:56.712  INFO 7220 --- [    Test worker] o.hibernate.jpa.internal.util.LogHelper  : HHH000204: Processing PersistenceUnitInfo [
	name: default
	...]
2021-08-31 21:49:56.854  INFO 7220 --- [    Test worker] org.hibernate.Version                    : HHH000412: Hibernate Core {5.3.7.Final}
2021-08-31 21:49:56.856  INFO 7220 --- [    Test worker] org.hibernate.cfg.Environment            : HHH000206: hibernate.properties not found
2021-08-31 21:49:57.081  INFO 7220 --- [    Test worker] o.hibernate.annotations.common.Version   : HCANN000001: Hibernate Commons Annotations {5.0.4.Final}
2021-08-31 21:49:57.348  INFO 7220 --- [    Test worker] org.hibernate.dialect.Dialect            : HHH000400: Using dialect: org.hibernate.dialect.MySQL5InnoDBDialect
2021-08-31 21:49:58.636  INFO 7220 --- [    Test worker] j.LocalContainerEntityManagerFactoryBean : Initialized JPA EntityManagerFactory for persistence unit 'default'
2021-08-31 21:49:58.639  INFO 7220 --- [    Test worker] trationDelegate$BeanPostProcessorChecker : Bean 'entityManagerFactory' of type [org.springframework.orm.jpa.LocalContainerEntityManagerFactoryBean] is not eligible for getting processed by all BeanPostProcessors (for example: not eligible for auto-proxying)
2021-08-31 21:49:58.644  INFO 7220 --- [    Test worker] trationDelegate$BeanPostProcessorChecker : Bean 'entityManagerFactory' of type [com.sun.proxy.$Proxy146] is not eligible for getting processed by all BeanPostProcessors (for example: not eligible for auto-proxying)
2021-08-31 21:49:58.650  INFO 7220 --- [    Test worker] trationDelegate$BeanPostProcessorChecker : Bean 'transactionManager' of type [org.springframework.orm.jpa.JpaTransactionManager] is not eligible for getting processed by all BeanPostProcessors (for example: not eligible for auto-proxying)
2021-08-31 21:49:58.653  INFO 7220 --- [    Test worker] trationDelegate$BeanPostProcessorChecker : Bean 'transactionAspect' of type [board.aop.TransactionAspect$$EnhancerBySpringCGLIB$$b032cb35] is not eligible for getting processed by all BeanPostProcessors (for example: not eligible for auto-proxying)
2021-08-31 21:49:58.662  INFO 7220 --- [    Test worker] trationDelegate$BeanPostProcessorChecker : Bean 'transactionAdvice' of type [org.springframework.transaction.interceptor.TransactionInterceptor] is not eligible for getting processed by all BeanPostProcessors (for example: not eligible for auto-proxying)
2021-08-31 21:49:58.668  INFO 7220 --- [    Test worker] trationDelegate$BeanPostProcessorChecker : Bean 'transactionAdviceAdvisor' of type [org.springframework.aop.support.DefaultPointcutAdvisor] is not eligible for getting processed by all BeanPostProcessors (for example: not eligible for auto-proxying)
2021-08-31 21:49:58.717  INFO 7220 --- [    Test worker] trationDelegate$BeanPostProcessorChecker : Bean 'org.springframework.cloud.autoconfigure.ConfigurationPropertiesRebinderAutoConfiguration' of type [org.springframework.cloud.autoconfigure.ConfigurationPropertiesRebinderAutoConfiguration$$EnhancerBySpringCGLIB$$2c52e5cb] is not eligible for getting processed by all BeanPostProcessors (for example: not eligible for auto-proxying)
2021-08-31 21:49:59.582  INFO 7220 --- [    Test worker] o.h.h.i.QueryTranslatorFactoryInitiator  : HHH000397: Using ASTQueryTranslatorFactory
2021-08-31 21:50:01.781  WARN 7220 --- [    Test worker] aWebConfiguration$JpaWebMvcConfiguration : spring.jpa.open-in-view is enabled by default. Therefore, database queries may be performed during view rendering. Explicitly configure spring.jpa.open-in-view to disable this warning
2021-08-31 21:50:04.018  INFO 7220 --- [    Test worker] o.s.b.a.e.web.EndpointLinksResolver      : Exposing 2 endpoint(s) beneath base path '/actuator'
2021-08-31 21:50:04.801  INFO 7220 --- [    Test worker] pertySourcedRequestMappingHandlerMapping : Mapped URL path [/v2/api-docs] onto method [public org.springframework.http.ResponseEntity<springfox.documentation.spring.web.json.Json> springfox.documentation.swagger2.web.Swagger2Controller.getDocumentation(java.lang.String,javax.servlet.http.HttpServletRequest)]
2021-08-31 21:50:06.579  INFO 7220 --- [    Test worker] o.s.s.concurrent.ThreadPoolTaskExecutor  : Initializing ExecutorService 'applicationTaskExecutor'
2021-08-31 21:50:11.783  INFO 7220 --- [    Test worker] d.s.w.p.DocumentationPluginsBootstrapper : Context refreshed
2021-08-31 21:50:11.884  INFO 7220 --- [    Test worker] d.s.w.p.DocumentationPluginsBootstrapper : Found 1 custom documentation plugin(s)
2021-08-31 21:50:11.955  INFO 7220 --- [    Test worker] s.d.s.w.s.ApiListingReferenceScanner     : Scanning for api listing references
2021-08-31 21:50:12.424  INFO 7220 --- [    Test worker] .d.s.w.r.o.CachingOperationNameGenerator : Generating unique operation named: deleteBoardUsingDELETE_1
2021-08-31 21:50:12.426  INFO 7220 --- [    Test worker] .d.s.w.r.o.CachingOperationNameGenerator : Generating unique operation named: downloadBoardFileUsingGET_1
2021-08-31 21:50:12.427  INFO 7220 --- [    Test worker] .d.s.w.r.o.CachingOperationNameGenerator : Generating unique operation named: openBoardDetailUsingGET_1
2021-08-31 21:50:12.429  WARN 7220 --- [    Test worker] s.d.s.w.r.p.ParameterDataTypeReader      : Trying to infer dataType org.springframework.ui.ModelMap
2021-08-31 21:50:12.429  INFO 7220 --- [    Test worker] .d.s.w.r.o.CachingOperationNameGenerator : Generating unique operation named: openBoardListUsingGET_1
2021-08-31 21:50:12.430  INFO 7220 --- [    Test worker] .d.s.w.r.o.CachingOperationNameGenerator : Generating unique operation named: openBoardWriteUsingGET_1
2021-08-31 21:50:12.440  INFO 7220 --- [    Test worker] .d.s.w.r.o.CachingOperationNameGenerator : Generating unique operation named: updateBoardUsingPUT_1
2021-08-31 21:50:12.457  INFO 7220 --- [    Test worker] .d.s.w.r.o.CachingOperationNameGenerator : Generating unique operation named: deleteBoardUsingDELETE_2
2021-08-31 21:50:12.472  INFO 7220 --- [    Test worker] .d.s.w.r.o.CachingOperationNameGenerator : Generating unique operation named: insertBoardUsingPOST_1
2021-08-31 21:50:12.480  INFO 7220 --- [    Test worker] .d.s.w.r.o.CachingOperationNameGenerator : Generating unique operation named: openBoardDetailUsingGET_2
2021-08-31 21:50:12.483  INFO 7220 --- [    Test worker] .d.s.w.r.o.CachingOperationNameGenerator : Generating unique operation named: openBoardListUsingGET_2
2021-08-31 21:50:12.485  INFO 7220 --- [    Test worker] .d.s.w.r.o.CachingOperationNameGenerator : Generating unique operation named: updateBoardUsingPUT_2
2021-08-31 21:50:12.488  INFO 7220 --- [    Test worker] .d.s.w.r.o.CachingOperationNameGenerator : Generating unique operation named: deleteBoardUsingDELETE_3
2021-08-31 21:50:12.490  INFO 7220 --- [    Test worker] .d.s.w.r.o.CachingOperationNameGenerator : Generating unique operation named: downloadBoardFileUsingGET_2
2021-08-31 21:50:12.502  INFO 7220 --- [    Test worker] .d.s.w.r.o.CachingOperationNameGenerator : Generating unique operation named: insertBoardUsingPOST_2
2021-08-31 21:50:12.503  WARN 7220 --- [    Test worker] s.d.s.w.r.p.ParameterDataTypeReader      : Trying to infer dataType org.springframework.ui.ModelMap
2021-08-31 21:50:12.504  INFO 7220 --- [    Test worker] .d.s.w.r.o.CachingOperationNameGenerator : Generating unique operation named: openBoardDetailUsingGET_3
2021-08-31 21:50:12.506  INFO 7220 --- [    Test worker] .d.s.w.r.o.CachingOperationNameGenerator : Generating unique operation named: openBoardListUsingGET_3
2021-08-31 21:50:12.507  INFO 7220 --- [    Test worker] .d.s.w.r.o.CachingOperationNameGenerator : Generating unique operation named: openBoardWriteUsingGET_2
2021-08-31 21:50:12.509  INFO 7220 --- [    Test worker] .d.s.w.r.o.CachingOperationNameGenerator : Generating unique operation named: updateBoardUsingPUT_3
2021-08-31 21:50:12.550  INFO 7220 --- [    Test worker] board.BoardApplicationTests              : Started BoardApplicationTests in 26.788 seconds (JVM running for 28.798)
org.mybatis.spring.SqlSessionTemplate@5ce38723
]]></system-out>
  <system-err><![CDATA[Loading class `com.mysql.jdbc.Driver'. This is deprecated. The new driver class is `com.mysql.cj.jdbc.Driver'. The driver is automatically registered via the SPI and manual loading of the driver class is generally unnecessary.
]]></system-err>
</testsuite>
